<?xml version="1.0" encoding="UTF-8"?>
<!-- Generated by org.testng.reporters.JUnitReportReporter -->
<testsuite hostname="DESKTOP-HODVTDP" failures="0" tests="1" name="runner.TestRunner" time="52.647" errors="0" timestamp="2025-04-06T14:33:18 IST" skipped="0">
  <testcase classname="runner.TestRunner" name="runScenario" time="52.647"/>
</testsuite> <!-- runner.TestRunner -->
