<?xml version="1.0" encoding="UTF-8"?>
<!-- Generated by org.testng.reporters.JUnitReportReporter -->
<testsuite hostname="DESKTOP-HODVTDP" failures="0" tests="1" name="Resources.runner.TestRunner" time="88.512" errors="0" timestamp="2025-03-25T10:45:14 IST" skipped="0">
  <testcase classname="Resources.runner.TestRunner" name="runScenario" time="88.512"/>
</testsuite> <!-- Resources.runner.TestRunner -->
